<?xml version="1.0" encoding="UTF-8"?>
<testng-results skipped="0" failed="1" total="1" passed="0">
  <reporter-output>
    <line>
      <![CDATA[Test parameteres: ]]>
    </line>
    <line>
      <![CDATA[login_ip: 10.7.0.63]]>
    </line>
    <line>
      <![CDATA[userName: admin]]>
    </line>
    <line>
      <![CDATA[userPassword: 1234]]>
    </line>
    <line>
      <![CDATA[streamId: feederout]]>
    </line>
    <line>
      <![CDATA[uiport: 4444]]>
    </line>
  </reporter-output>
  <suite name="Default suite" duration-ms="698" started-at="2016-10-07T16:39:36Z" finished-at="2016-10-07T16:39:37Z">
    <groups>
    </groups>
    <test name="Default test" duration-ms="698" started-at="2016-10-07T16:39:36Z" finished-at="2016-10-07T16:39:37Z">
      <class name="com.zixi.testing.BroadcasterSingleInputStreamDeletionTest">
        <test-method status="PASS" signature="startTest(org.testng.ITestContext)[pri:0, instance:com.zixi.testing.BroadcasterSingleInputStreamDeletionTest@4ec6a292]" name="startTest" is-config="true" duration-ms="7" started-at="2016-10-07T19:39:36Z" finished-at="2016-10-07T19:39:36Z">
          <params>
            <param index="0">
              <value>
                <![CDATA[org.testng.TestRunner@22555ebf]]>
              </value>
            </param>
          </params>
          <reporter-output>
          </reporter-output>
        </test-method> <!-- startTest -->
        <test-method status="PASS" signature="testInit()[pri:0, instance:com.zixi.testing.BroadcasterSingleInputStreamDeletionTest@4ec6a292]" name="testInit" is-config="true" duration-ms="1" started-at="2016-10-07T19:39:36Z" finished-at="2016-10-07T19:39:36Z">
          <reporter-output>
          </reporter-output>
        </test-method> <!-- testInit -->
        <test-method status="PASS" signature="beforeTes(java.lang.String)[pri:0, instance:com.zixi.testing.BroadcasterSingleInputStreamDeletionTest@4ec6a292]" name="beforeTes" is-config="true" duration-ms="193" started-at="2016-10-07T19:39:36Z" finished-at="2016-10-07T19:39:37Z">
          <params>
            <param index="0">
              <value>
                <![CDATA[4405]]>
              </value>
            </param>
          </params>
          <reporter-output>
          </reporter-output>
        </test-method> <!-- beforeTes -->
        <test-method status="FAIL" signature="broadcasterInputStreamDeletion(java.lang.String, java.lang.String, java.lang.String, java.lang.String, java.lang.String, java.lang.String)[pri:0, instance:com.zixi.testing.BroadcasterSingleInputStreamDeletionTest@4ec6a292]" name="broadcasterInputStreamDeletion" duration-ms="443" started-at="2016-10-07T19:39:37Z" finished-at="2016-10-07T19:39:37Z">
          <params>
            <param index="0">
              <value>
                <![CDATA[10.7.0.63]]>
              </value>
            </param>
            <param index="1">
              <value>
                <![CDATA[admin]]>
              </value>
            </param>
            <param index="2">
              <value>
                <![CDATA[1234]]>
              </value>
            </param>
            <param index="3">
              <value>
                <![CDATA[feederout]]>
              </value>
            </param>
            <param index="4">
              <value>
                <![CDATA[4444]]>
              </value>
            </param>
            <param index="5">
              <value>
                <![CDATA[4405]]>
              </value>
            </param>
          </params>
          <exception class="java.lang.AssertionError">
            <message>
              <![CDATA[expected object to not be null]]>
            </message>
            <full-stacktrace>
              <![CDATA[java.lang.AssertionError: expected object to not be null
	at org.testng.Assert.fail(Assert.java:94)
	at org.testng.Assert.assertNotNull(Assert.java:406)
	at org.testng.Assert.assertNotNull(Assert.java:391)
	at com.zixi.testing.BroadcasterSingleInputStreamDeletionTest.broadcasterInputStreamDeletion(BroadcasterSingleInputStreamDeletionTest.java:29)
	at sun.reflect.NativeMethodAccessorImpl.invoke0(Native Method)
	at sun.reflect.NativeMethodAccessorImpl.invoke(Unknown Source)
	at sun.reflect.DelegatingMethodAccessorImpl.invoke(Unknown Source)
	at java.lang.reflect.Method.invoke(Unknown Source)
	at org.testng.internal.MethodInvocationHelper.invokeMethod(MethodInvocationHelper.java:85)
	at org.testng.internal.Invoker.invokeMethod(Invoker.java:659)
	at org.testng.internal.Invoker.invokeTestMethod(Invoker.java:845)
	at org.testng.internal.Invoker.invokeTestMethods(Invoker.java:1153)
	at org.testng.internal.TestMethodWorker.invokeTestMethods(TestMethodWorker.java:125)
	at org.testng.internal.TestMethodWorker.run(TestMethodWorker.java:108)
	at org.testng.TestRunner.privateRun(TestRunner.java:771)
	at org.testng.TestRunner.run(TestRunner.java:621)
	at org.testng.SuiteRunner.runTest(SuiteRunner.java:357)
	at org.testng.SuiteRunner.runSequentially(SuiteRunner.java:352)
	at org.testng.SuiteRunner.privateRun(SuiteRunner.java:310)
	at org.testng.SuiteRunner.run(SuiteRunner.java:259)
	at org.testng.SuiteRunnerWorker.runSuite(SuiteRunnerWorker.java:52)
	at org.testng.SuiteRunnerWorker.run(SuiteRunnerWorker.java:86)
	at org.testng.TestNG.runSuitesSequentially(TestNG.java:1199)
	at org.testng.TestNG.runSuitesLocally(TestNG.java:1124)
	at org.testng.TestNG.run(TestNG.java:1032)
	at org.testng.remote.RemoteTestNG.run(RemoteTestNG.java:111)
	at org.testng.remote.RemoteTestNG.initAndRun(RemoteTestNG.java:204)
	at org.testng.remote.RemoteTestNG.main(RemoteTestNG.java:175)
]]>
            </full-stacktrace>
          </exception> <!-- java.lang.AssertionError -->
          <reporter-output>
            <line>
              <![CDATA[Test parameteres: ]]>
            </line>
            <line>
              <![CDATA[login_ip: 10.7.0.63]]>
            </line>
            <line>
              <![CDATA[userName: admin]]>
            </line>
            <line>
              <![CDATA[userPassword: 1234]]>
            </line>
            <line>
              <![CDATA[streamId: feederout]]>
            </line>
            <line>
              <![CDATA[uiport: 4444]]>
            </line>
          </reporter-output>
        </test-method> <!-- broadcasterInputStreamDeletion -->
        <test-method status="PASS" signature="afterTest(java.lang.reflect.Method, org.testng.ITestResult)[pri:0, instance:com.zixi.testing.BroadcasterSingleInputStreamDeletionTest@4ec6a292]" name="afterTest" is-config="true" duration-ms="43" started-at="2016-10-07T19:39:37Z" finished-at="2016-10-07T19:39:37Z">
          <params>
            <param index="0">
              <value>
                <![CDATA[public void com.zixi.testing.BroadcasterSingleInputStreamDeletionTest.broadcasterInputStreamDeletion(java.lang.String,java.lang.String,java.lang.String,java.lang.String,java.lang.String,java.lang.String) throws java.lang.Exception]]>
              </value>
            </param>
            <param index="1">
              <value>
                <![CDATA[[TestResult name=broadcasterInputStreamDeletion status=FAILURE method=BroadcasterSingleInputStreamDeletionTest.broadcasterInputStreamDeletion(java.lang.String, java.lang.String, java.lang.String, java.lang.String, java.lang.String, java.lang.String)[pri:0, instance:com.zixi.testing.BroadcasterSingleInputStreamDeletionTest@4ec6a292] output=Test parameteres: ]]]>
              </value>
            </param>
          </params>
          <reporter-output>
          </reporter-output>
        </test-method> <!-- afterTest -->
      </class> <!-- com.zixi.testing.BroadcasterSingleInputStreamDeletionTest -->
    </test> <!-- Default test -->
  </suite> <!-- Default suite -->
</testng-results>
