<?xml version="1.0" encoding="UTF-8"?>
<!-- Generated by org.testng.reporters.JUnitReportReporter -->
<testsuite hostname="yuri-PC" name="com.zixi.zen.test.ZenAddUserGroupTest" tests="1" failures="0" timestamp="5 Aug 2018 15:12:12 GMT" time="0.000" errors="1">
  <testcase name="addUserGroupZen" time="0.000" classname="com.zixi.zen.test.ZenAddUserGroupTest">
    <error type="org.testng.TestNGException" message="
Parameter &#039;group_name&#039; is required by @Test on method addUserGroupZen but has not been marked @Optional or defined
in C:\work\automationPrj\automation\src\test\resources\zen\add_entities\user_and_roles\roles\zen_add_all_allow_role.xml">
      <![CDATA[org.testng.TestNGException: 
Parameter 'group_name' is required by @Test on method addUserGroupZen but has not been marked @Optional or defined
in C:\work\automationPrj\automation\src\test\resources\zen\add_entities\user_and_roles\roles\zen_add_all_allow_role.xml
	at org.testng.internal.Parameters.createParameters(Parameters.java:165)
	at org.testng.internal.Parameters.createParameters(Parameters.java:372)
	at org.testng.internal.Parameters.handleParameters(Parameters.java:462)
	at org.testng.internal.Invoker.handleParameters(Invoker.java:1300)
	at org.testng.internal.Invoker.createParameters(Invoker.java:1015)
	at org.testng.internal.Invoker.invokeTestMethods(Invoker.java:1104)
	at org.testng.internal.TestMethodWorker.invokeTestMethods(TestMethodWorker.java:125)
	at org.testng.internal.TestMethodWorker.run(TestMethodWorker.java:108)
	at org.testng.TestRunner.privateRun(TestRunner.java:771)
	at org.testng.TestRunner.run(TestRunner.java:621)
	at org.testng.SuiteRunner.runTest(SuiteRunner.java:357)
	at org.testng.SuiteRunner.runSequentially(SuiteRunner.java:352)
	at org.testng.SuiteRunner.privateRun(SuiteRunner.java:310)
	at org.testng.SuiteRunner.run(SuiteRunner.java:259)
	at org.testng.SuiteRunnerWorker.runSuite(SuiteRunnerWorker.java:52)
	at org.testng.SuiteRunnerWorker.run(SuiteRunnerWorker.java:86)
	at org.testng.TestNG.runSuitesSequentially(TestNG.java:1199)
	at org.testng.TestNG.runSuitesLocally(TestNG.java:1124)
	at org.testng.TestNG.run(TestNG.java:1032)
	at org.testng.remote.AbstractRemoteTestNG.run(AbstractRemoteTestNG.java:114)
	at org.testng.remote.RemoteTestNG.initAndRun(RemoteTestNG.java:251)
	at org.testng.remote.RemoteTestNG.main(RemoteTestNG.java:77)
]]>
    </error>
  </testcase> <!-- addUserGroupZen -->
</testsuite> <!-- com.zixi.zen.test.ZenAddUserGroupTest -->
