<?xml version="1.0" encoding="UTF-8"?>
<!-- Generated by org.testng.reporters.JUnitReportReporter -->
<testsuite hostname="yuri-PC" name="com.zixi.testing.ZixiGenericAdapiveTest" tests="1" failures="0" timestamp="7 Oct 2016 18:00:51 GMT" time="0.001" errors="1">
  <testcase name="adaptiveToFfmpegTest" time="0.001" classname="com.zixi.testing.ZixiGenericAdapiveTest">
    <error type="org.testng.TestNGException" message="
Parameter &#039;testid&#039; is required by @Configuration on method testInit but has not been marked @Optional or defined
in C:\Users\yuri\AppData\Local\Temp\testng-eclipse-494837030\testng-customsuite.xml">
      <![CDATA[org.testng.TestNGException: 
Parameter 'testid' is required by @Configuration on method testInit but has not been marked @Optional or defined
in C:\Users\yuri\AppData\Local\Temp\testng-eclipse-494837030\testng-customsuite.xml
	at org.testng.internal.Parameters.createParameters(Parameters.java:165)
	at org.testng.internal.Parameters.createParameters(Parameters.java:372)
	at org.testng.internal.Parameters.createConfigurationParameters(Parameters.java:90)
	at org.testng.internal.Invoker.invokeConfigurations(Invoker.java:199)
	at org.testng.internal.Invoker.invokeConfigurations(Invoker.java:140)
	at org.testng.internal.TestMethodWorker.invokeBeforeClassMethods(TestMethodWorker.java:170)
	at org.testng.internal.TestMethodWorker.run(TestMethodWorker.java:104)
	at org.testng.TestRunner.privateRun(TestRunner.java:771)
	at org.testng.TestRunner.run(TestRunner.java:621)
	at org.testng.SuiteRunner.runTest(SuiteRunner.java:357)
	at org.testng.SuiteRunner.runSequentially(SuiteRunner.java:352)
	at org.testng.SuiteRunner.privateRun(SuiteRunner.java:310)
	at org.testng.SuiteRunner.run(SuiteRunner.java:259)
	at org.testng.SuiteRunnerWorker.runSuite(SuiteRunnerWorker.java:52)
	at org.testng.SuiteRunnerWorker.run(SuiteRunnerWorker.java:86)
	at org.testng.TestNG.runSuitesSequentially(TestNG.java:1199)
	at org.testng.TestNG.runSuitesLocally(TestNG.java:1124)
	at org.testng.TestNG.run(TestNG.java:1032)
	at org.testng.remote.RemoteTestNG.run(RemoteTestNG.java:111)
	at org.testng.remote.RemoteTestNG.initAndRun(RemoteTestNG.java:204)
	at org.testng.remote.RemoteTestNG.main(RemoteTestNG.java:175)
]]>
    </error>
  </testcase> <!-- adaptiveToFfmpegTest -->
</testsuite> <!-- com.zixi.testing.ZixiGenericAdapiveTest -->
